# JRE version: OpenJDK Runtime Environment Corretto-17.0.14.7.1 (17.0.14+7) (build 17.0.14+7-LTS)
# Java VM: OpenJDK 64-Bit Server VM Corretto-17.0.14.7.1 (17.0.14+7-LTS, mixed mode, sharing, tiered, compressed oops, compressed class ptrs, g1 gc, windows-amd64)
GC Precious Log:
 CPUs: 4 total, 4 available
 Memory: 16272M
 Large Page Support: Disabled
 NUMA Support: Disabled
 Compressed Oops: Enabled (Zero based)
 Heap Region Size: 2M
 Heap Min Capacity: 8M
 Heap Initial Capacity: 256M
 Heap Max Capacity: 4070M
 Pre-touch: Disabled
 Parallel Workers: 4
 Concurrent Workers: 1
 Concurrent Refinement Workers: 4
 Periodic GC: Disabled
Heap:
 garbage-first heap   total 55296K, used 34063K [0x0000000701a00000, 0x0000000800000000)
  region size 2048K, 10 young (20480K), 2 survivors (4096K)
 Metaspace       used 34287K, committed 34752K, reserved 1114112K
  class space    used 4244K, committed 4416K, reserved 1048576K
GC Heap History (18 events):
Event: 11.113 GC heap before
{Heap before GC invocations=0 (full 0):
 garbage-first heap   total 262144K, used 12288K [0x0000000701a00000, 0x0000000800000000)
  region size 2048K, 6 young (12288K), 0 survivors (0K)
 Metaspace       used 2189K, committed 2304K, reserved 1114112K
  class space    used 198K, committed 256K, reserved 1048576K
}
Event: 11.117 GC heap after
{Heap after GC invocations=1 (full 0):
 garbage-first heap   total 262144K, used 4443K [0x0000000701a00000, 0x0000000800000000)
  region size 2048K, 1 young (2048K), 1 survivors (2048K)
 Metaspace       used 2189K, committed 2304K, reserved 1114112K
  class space    used 198K, committed 256K, reserved 1048576K
}
Event: 11.884 GC heap before
{Heap before GC invocations=1 (full 0):
 garbage-first heap   total 262144K, used 14683K [0x0000000701a00000, 0x0000000800000000)
  region size 2048K, 6 young (12288K), 1 survivors (2048K)
 Metaspace       used 4492K, committed 4672K, reserved 1114112K
  class space    used 496K, committed 576K, reserved 1048576K
}
Event: 11.886 GC heap after
{Heap after GC invocations=2 (full 0):
 garbage-first heap   total 262144K, used 4954K [0x0000000701a00000, 0x0000000800000000)
  region size 2048K, 1 young (2048K), 1 survivors (2048K)
 Metaspace       used 4492K, committed 4672K, reserved 1114112K
  class space    used 496K, committed 576K, reserved 1048576K
}
Event: 13.246 GC heap before
{Heap before GC invocations=2 (full 0):
 garbage-first heap   total 262144K, used 35674K [0x0000000701a00000, 0x0000000800000000)
  region size 2048K, 17 young (34816K), 1 survivors (2048K)
 Metaspace       used 10604K, committed 10816K, reserved 1114112K
  class space    used 1332K, committed 1408K, reserved 1048576K
}
Event: 13.249 GC heap after
{Heap after GC invocations=3 (full 0):
 garbage-first heap   total 262144K, used 6612K [0x0000000701a00000, 0x0000000800000000)
  region size 2048K, 2 young (4096K), 2 survivors (4096K)
 Metaspace       used 10604K, committed 10816K, reserved 1114112K
  class space    used 1332K, committed 1408K, reserved 1048576K
}
Event: 15.530 GC heap before
{Heap before GC invocations=3 (full 0):
 garbage-first heap   total 262144K, used 86484K [0x0000000701a00000, 0x0000000800000000)
  region size 2048K, 43 young (88064K), 2 survivors (4096K)
 Metaspace       used 21235K, committed 21504K, reserved 1114112K
  class space    used 2582K, committed 2688K, reserved 1048576K
}
Event: 15.537 GC heap after
{Heap after GC invocations=4 (full 0):
 garbage-first heap   total 262144K, used 10962K [0x0000000701a00000, 0x0000000800000000)
  region size 2048K, 4 young (8192K), 4 survivors (8192K)
 Metaspace       used 21235K, committed 21504K, reserved 1114112K
  class space    used 2582K, committed 2688K, reserved 1048576K
}
Event: 16.778 GC heap before
{Heap before GC invocations=5 (full 0):
 garbage-first heap   total 55296K, used 35538K [0x0000000701a00000, 0x0000000800000000)
  region size 2048K, 16 young (32768K), 4 survivors (8192K)
 Metaspace       used 25085K, committed 25472K, reserved 1114112K
  class space    used 3116K, committed 3264K, reserved 1048576K
}
Event: 16.786 GC heap after
{Heap after GC invocations=6 (full 0):
 garbage-first heap   total 55296K, used 13084K [0x0000000701a00000, 0x0000000800000000)
  region size 2048K, 2 young (4096K), 2 survivors (4096K)
 Metaspace       used 25085K, committed 25472K, reserved 1114112K
  class space    used 3116K, committed 3264K, reserved 1048576K
}
Event: 16.847 GC heap before
{Heap before GC invocations=6 (full 0):
 garbage-first heap   total 55296K, used 15132K [0x0000000701a00000, 0x0000000800000000)
  region size 2048K, 3 young (6144K), 2 survivors (4096K)
 Metaspace       used 25352K, committed 25728K, reserved 1114112K
  class space    used 3169K, committed 3328K, reserved 1048576K
}
Event: 16.851 GC heap after
{Heap after GC invocations=7 (full 0):
 garbage-first heap   total 55296K, used 13503K [0x0000000701a00000, 0x0000000800000000)
  region size 2048K, 1 young (2048K), 1 survivors (2048K)
 Metaspace       used 25352K, committed 25728K, reserved 1114112K
  class space    used 3169K, committed 3328K, reserved 1048576K
}
Event: 17.634 GC heap before
{Heap before GC invocations=7 (full 0):
 garbage-first heap   total 55296K, used 36031K [0x0000000701a00000, 0x0000000800000000)
  region size 2048K, 12 young (24576K), 1 survivors (2048K)
 Metaspace       used 29293K, committed 29760K, reserved 1114112K
  class space    used 3619K, committed 3840K, reserved 1048576K
}
Event: 17.637 GC heap after
{Heap after GC invocations=8 (full 0):
 garbage-first heap   total 55296K, used 15230K [0x0000000701a00000, 0x0000000800000000)
  region size 2048K, 2 young (4096K), 2 survivors (4096K)
 Metaspace       used 29293K, committed 29760K, reserved 1114112K
  class space    used 3619K, committed 3840K, reserved 1048576K
}
Event: 18.519 GC heap before
{Heap before GC invocations=8 (full 0):
 garbage-first heap   total 55296K, used 35710K [0x0000000701a00000, 0x0000000800000000)
  region size 2048K, 13 young (26624K), 2 survivors (4096K)
 Metaspace       used 31770K, committed 32256K, reserved 1114112K
  class space    used 3943K, committed 4160K, reserved 1048576K
}
Event: 18.525 GC heap after
{Heap after GC invocations=9 (full 0):
 garbage-first heap   total 55296K, used 17217K [0x0000000701a00000, 0x0000000800000000)
  region size 2048K, 1 young (2048K), 1 survivors (2048K)
 Metaspace       used 31770K, committed 32256K, reserved 1114112K
  class space    used 3943K, committed 4160K, reserved 1048576K
}
Event: 19.551 GC heap before
{Heap before GC invocations=9 (full 0):
 garbage-first heap   total 55296K, used 39745K [0x0000000701a00000, 0x0000000800000000)
  region size 2048K, 12 young (24576K), 1 survivors (2048K)
 Metaspace       used 34200K, committed 34624K, reserved 1114112K
  class space    used 4244K, committed 4416K, reserved 1048576K
}
Event: 19.556 GC heap after
{Heap after GC invocations=10 (full 0):
 garbage-first heap   total 55296K, used 19727K [0x0000000701a00000, 0x0000000800000000)
  region size 2048K, 2 young (4096K), 2 survivors (4096K)
 Metaspace       used 34200K, committed 34624K, reserved 1114112K
  class space    used 4244K, committed 4416K, reserved 1048576K
}

